10-03-2020 16:44:43.301 [main] INFO  c.t.j.c.c.CricketfarmApplication.logStarting - Starting CricketfarmApplication on DESKTOP-LVRVGJL with PID 12744 (C:\Users\Venous\eclipse-workspace\cricketfarm\target\classes started by Venouš in C:\Users\Venous\eclipse-workspace\cricketfarm)
10-03-2020 16:44:43.305 [main] INFO  c.t.j.c.c.CricketfarmApplication.logStartupProfileInfo - No active profile set, falling back to default profiles: default
10-03-2020 16:44:43.870 [main] INFO  o.s.d.r.c.RepositoryConfigurationDelegate.registerRepositoriesIn - Bootstrapping Spring Data repositories in DEFAULT mode.
10-03-2020 16:44:43.939 [main] INFO  o.s.d.r.c.RepositoryConfigurationDelegate.registerRepositoriesIn - Finished Spring Data repository scanning in 61ms. Found 5 repository interfaces.
10-03-2020 16:44:44.145 [main] INFO  o.s.c.s.PostProcessorRegistrationDelegate$BeanPostProcessorChecker.postProcessAfterInitialization - Bean 'org.springframework.transaction.annotation.ProxyTransactionManagementConfiguration' of type [org.springframework.transaction.annotation.ProxyTransactionManagementConfiguration] is not eligible for getting processed by all BeanPostProcessors (for example: not eligible for auto-proxying)
10-03-2020 16:44:44.447 [main] INFO  o.s.b.w.e.tomcat.TomcatWebServer.initialize - Tomcat initialized with port(s): 8080 (http)
10-03-2020 16:44:44.454 [main] INFO  o.a.coyote.http11.Http11NioProtocol.log - Initializing ProtocolHandler ["http-nio-8080"]
10-03-2020 16:44:44.455 [main] INFO  o.a.catalina.core.StandardService.log - Starting service [Tomcat]
10-03-2020 16:44:44.455 [main] INFO  o.a.catalina.core.StandardEngine.log - Starting Servlet engine: [Apache Tomcat/9.0.27]
10-03-2020 16:44:44.528 [main] INFO  o.a.c.c.C.[Tomcat].[localhost].[/].log - Initializing Spring embedded WebApplicationContext
10-03-2020 16:44:44.528 [main] INFO  o.s.web.context.ContextLoader.prepareWebApplicationContext - Root WebApplicationContext: initialization completed in 1191 ms
10-03-2020 16:44:44.691 [main] INFO  o.h.jpa.internal.util.LogHelper.logPersistenceUnitInformation - HHH000204: Processing PersistenceUnitInfo [name: default]
10-03-2020 16:44:44.774 [main] INFO  org.hibernate.Version.logVersion - HHH000412: Hibernate Core {5.4.6.Final}
10-03-2020 16:44:44.865 [main] INFO  o.h.annotations.common.Version.<clinit> - HCANN000001: Hibernate Commons Annotations {5.1.0.Final}
10-03-2020 16:44:44.941 [main] INFO  com.zaxxer.hikari.HikariDataSource.getConnection - HikariPool-1 - Starting...
10-03-2020 16:44:44.995 [main] INFO  com.zaxxer.hikari.HikariDataSource.getConnection - HikariPool-1 - Start completed.
10-03-2020 16:44:45.007 [main] INFO  org.hibernate.dialect.Dialect.<init> - HHH000400: Using dialect: org.hibernate.dialect.PostgreSQL95Dialect
10-03-2020 16:44:45.674 [main] INFO  o.h.e.t.j.p.i.JtaPlatformInitiator.initiateService - HHH000490: Using JtaPlatform implementation: [org.hibernate.engine.transaction.jta.platform.internal.NoJtaPlatform]
10-03-2020 16:44:45.680 [main] INFO  o.s.o.j.LocalContainerEntityManagerFactoryBean.buildNativeEntityManagerFactory - Initialized JPA EntityManagerFactory for persistence unit 'default'
10-03-2020 16:44:46.034 [main] WARN  o.s.b.w.s.c.AnnotationConfigServletWebServerApplicationContext.refresh - Exception encountered during context initialization - cancelling refresh attempt: org.springframework.beans.factory.UnsatisfiedDependencyException: Error creating bean with name 'incomeController': Unsatisfied dependency expressed through field 'incomeService'; nested exception is org.springframework.beans.factory.NoSuchBeanDefinitionException: No qualifying bean of type 'com.taska.java.crickets.cricketfarm.service.IncomeService' available: expected at least 1 bean which qualifies as autowire candidate. Dependency annotations: {@org.springframework.beans.factory.annotation.Autowired(required=true)}
10-03-2020 16:44:46.034 [main] INFO  o.s.o.j.LocalContainerEntityManagerFactoryBean.destroy - Closing JPA EntityManagerFactory for persistence unit 'default'
10-03-2020 16:44:46.036 [main] INFO  com.zaxxer.hikari.HikariDataSource.close - HikariPool-1 - Shutdown initiated...
10-03-2020 16:44:46.038 [main] INFO  com.zaxxer.hikari.HikariDataSource.close - HikariPool-1 - Shutdown completed.
10-03-2020 16:44:46.039 [main] INFO  o.a.catalina.core.StandardService.log - Stopping service [Tomcat]
10-03-2020 16:44:46.047 [main] INFO  o.s.b.a.l.ConditionEvaluationReportLoggingListener.logMessage - 

Error starting ApplicationContext. To display the conditions report re-run your application with 'debug' enabled.
10-03-2020 16:44:46.116 [main] ERROR o.s.b.d.LoggingFailureAnalysisReporter.report - 

***************************
APPLICATION FAILED TO START
***************************

Description:

Field incomeService in com.taska.java.crickets.cricketfarm.controller.IncomeController required a bean of type 'com.taska.java.crickets.cricketfarm.service.IncomeService' that could not be found.

The injection point has the following annotations:
	- @org.springframework.beans.factory.annotation.Autowired(required=true)


Action:

Consider defining a bean of type 'com.taska.java.crickets.cricketfarm.service.IncomeService' in your configuration.

10-03-2020 16:45:20.102 [main] INFO  c.t.j.c.c.CricketfarmApplication.logStarting - Starting CricketfarmApplication on DESKTOP-LVRVGJL with PID 2296 (C:\Users\Venous\eclipse-workspace\cricketfarm\target\classes started by Venouš in C:\Users\Venous\eclipse-workspace\cricketfarm)
10-03-2020 16:45:20.105 [main] INFO  c.t.j.c.c.CricketfarmApplication.logStartupProfileInfo - No active profile set, falling back to default profiles: default
10-03-2020 16:45:20.536 [main] INFO  o.s.d.r.c.RepositoryConfigurationDelegate.registerRepositoriesIn - Bootstrapping Spring Data repositories in DEFAULT mode.
10-03-2020 16:45:20.598 [main] INFO  o.s.d.r.c.RepositoryConfigurationDelegate.registerRepositoriesIn - Finished Spring Data repository scanning in 57ms. Found 5 repository interfaces.
10-03-2020 16:45:20.794 [main] INFO  o.s.c.s.PostProcessorRegistrationDelegate$BeanPostProcessorChecker.postProcessAfterInitialization - Bean 'org.springframework.transaction.annotation.ProxyTransactionManagementConfiguration' of type [org.springframework.transaction.annotation.ProxyTransactionManagementConfiguration] is not eligible for getting processed by all BeanPostProcessors (for example: not eligible for auto-proxying)
10-03-2020 16:45:21.059 [main] INFO  o.s.b.w.e.tomcat.TomcatWebServer.initialize - Tomcat initialized with port(s): 8080 (http)
10-03-2020 16:45:21.064 [main] INFO  o.a.coyote.http11.Http11NioProtocol.log - Initializing ProtocolHandler ["http-nio-8080"]
10-03-2020 16:45:21.064 [main] INFO  o.a.catalina.core.StandardService.log - Starting service [Tomcat]
10-03-2020 16:45:21.064 [main] INFO  o.a.catalina.core.StandardEngine.log - Starting Servlet engine: [Apache Tomcat/9.0.27]
10-03-2020 16:45:21.131 [main] INFO  o.a.c.c.C.[Tomcat].[localhost].[/].log - Initializing Spring embedded WebApplicationContext
10-03-2020 16:45:21.132 [main] INFO  o.s.web.context.ContextLoader.prepareWebApplicationContext - Root WebApplicationContext: initialization completed in 997 ms
10-03-2020 16:45:21.270 [main] INFO  o.h.jpa.internal.util.LogHelper.logPersistenceUnitInformation - HHH000204: Processing PersistenceUnitInfo [name: default]
10-03-2020 16:45:21.339 [main] INFO  org.hibernate.Version.logVersion - HHH000412: Hibernate Core {5.4.6.Final}
10-03-2020 16:45:21.420 [main] INFO  o.h.annotations.common.Version.<clinit> - HCANN000001: Hibernate Commons Annotations {5.1.0.Final}
10-03-2020 16:45:21.479 [main] INFO  com.zaxxer.hikari.HikariDataSource.getConnection - HikariPool-1 - Starting...
10-03-2020 16:45:21.526 [main] INFO  com.zaxxer.hikari.HikariDataSource.getConnection - HikariPool-1 - Start completed.
10-03-2020 16:45:21.537 [main] INFO  org.hibernate.dialect.Dialect.<init> - HHH000400: Using dialect: org.hibernate.dialect.PostgreSQL95Dialect
10-03-2020 16:45:22.130 [main] INFO  o.h.e.t.j.p.i.JtaPlatformInitiator.initiateService - HHH000490: Using JtaPlatform implementation: [org.hibernate.engine.transaction.jta.platform.internal.NoJtaPlatform]
10-03-2020 16:45:22.135 [main] INFO  o.s.o.j.LocalContainerEntityManagerFactoryBean.buildNativeEntityManagerFactory - Initialized JPA EntityManagerFactory for persistence unit 'default'
10-03-2020 16:45:22.663 [main] WARN  o.s.b.a.o.j.JpaBaseConfiguration$JpaWebConfiguration.openEntityManagerInViewInterceptor - spring.jpa.open-in-view is enabled by default. Therefore, database queries may be performed during view rendering. Explicitly configure spring.jpa.open-in-view to disable this warning
10-03-2020 16:45:22.799 [main] INFO  o.s.s.c.ThreadPoolTaskExecutor.initialize - Initializing ExecutorService 'applicationTaskExecutor'
10-03-2020 16:45:23.019 [main] INFO  o.a.coyote.http11.Http11NioProtocol.log - Starting ProtocolHandler ["http-nio-8080"]
10-03-2020 16:45:23.039 [main] INFO  o.s.b.w.e.tomcat.TomcatWebServer.start - Tomcat started on port(s): 8080 (http) with context path ''
10-03-2020 16:45:23.040 [main] INFO  c.t.j.c.c.CricketfarmApplication.logStarted - Started CricketfarmApplication in 3.211 seconds (JVM running for 3.666)
10-03-2020 16:47:32.786 [http-nio-8080-exec-1] INFO  o.a.c.c.C.[Tomcat].[localhost].[/].log - Initializing Spring DispatcherServlet 'dispatcherServlet'
10-03-2020 16:47:32.787 [http-nio-8080-exec-1] INFO  o.s.web.servlet.DispatcherServlet.initServletBean - Initializing Servlet 'dispatcherServlet'
10-03-2020 16:47:32.795 [http-nio-8080-exec-1] INFO  o.s.web.servlet.DispatcherServlet.initServletBean - Completed initialization in 8 ms
10-03-2020 16:47:32.815 [http-nio-8080-exec-1] INFO  c.t.j.c.c.aspect.TracingAspect.logControllerInfo - Controller call for: List com.taska.java.crickets.cricketfarm.controller.OrderController.getOrders()
10-03-2020 16:47:32.819 [http-nio-8080-exec-1] INFO  c.t.j.c.c.aspect.TracingAspect.logServiceInfo - Service call for: List com.taska.java.crickets.cricketfarm.serviceimpl.OrderServiceImpl.getOrders()
10-03-2020 16:48:10.296 [http-nio-8080-exec-2] INFO  c.t.j.c.c.aspect.TracingAspect.logControllerInfo - Controller call for: Order com.taska.java.crickets.cricketfarm.controller.OrderController.deliverOrder(Long,String)
10-03-2020 16:48:10.297 [http-nio-8080-exec-2] INFO  c.t.j.c.c.aspect.TracingAspect.logServiceInfo - Service call for: Order com.taska.java.crickets.cricketfarm.serviceimpl.OrderServiceImpl.deliverOrder(Long,String)
10-03-2020 16:49:09.934 [http-nio-8080-exec-4] INFO  c.t.j.c.c.aspect.TracingAspect.logControllerInfo - Controller call for: Order com.taska.java.crickets.cricketfarm.controller.OrderController.completeOrder(Long)
10-03-2020 16:49:09.934 [http-nio-8080-exec-4] INFO  c.t.j.c.c.aspect.TracingAspect.logServiceInfo - Service call for: Order com.taska.java.crickets.cricketfarm.serviceimpl.OrderServiceImpl.completeOrder(Long)
10-03-2020 16:49:18.741 [http-nio-8080-exec-3] INFO  c.t.j.c.c.aspect.TracingAspect.logControllerInfo - Controller call for: Order com.taska.java.crickets.cricketfarm.controller.OrderController.deliverOrder(Long,String)
10-03-2020 16:49:18.742 [http-nio-8080-exec-3] INFO  c.t.j.c.c.aspect.TracingAspect.logServiceInfo - Service call for: Order com.taska.java.crickets.cricketfarm.serviceimpl.OrderServiceImpl.deliverOrder(Long,String)
10-03-2020 16:49:18.746 [http-nio-8080-exec-3] INFO  c.t.j.c.c.aspect.TracingAspect.logServiceInfo - Service call for: Income com.taska.java.crickets.cricketfarm.serviceimpl.IncomeServiceImpl.generateIncome(Order)
10-03-2020 16:49:54.655 [http-nio-8080-exec-5] INFO  c.t.j.c.c.aspect.TracingAspect.logControllerInfo - Controller call for: List com.taska.java.crickets.cricketfarm.controller.IncomeController.getIncomes()
10-03-2020 16:49:54.657 [http-nio-8080-exec-5] INFO  c.t.j.c.c.aspect.TracingAspect.logServiceInfo - Service call for: List com.taska.java.crickets.cricketfarm.serviceimpl.IncomeServiceImpl.getIncomes()
10-03-2020 16:51:08.189 [RMI TCP Connection(4)-127.0.0.1] INFO  o.s.b.a.SpringApplicationAdminMXBeanRegistrar$SpringApplicationAdmin.shutdown - Application shutdown requested.
10-03-2020 16:51:08.191 [RMI TCP Connection(4)-127.0.0.1] INFO  o.s.s.c.ThreadPoolTaskExecutor.shutdown - Shutting down ExecutorService 'applicationTaskExecutor'
10-03-2020 16:51:08.193 [RMI TCP Connection(4)-127.0.0.1] INFO  o.s.o.j.LocalContainerEntityManagerFactoryBean.destroy - Closing JPA EntityManagerFactory for persistence unit 'default'
10-03-2020 16:51:08.195 [RMI TCP Connection(4)-127.0.0.1] INFO  com.zaxxer.hikari.HikariDataSource.close - HikariPool-1 - Shutdown initiated...
10-03-2020 16:51:08.197 [RMI TCP Connection(4)-127.0.0.1] INFO  com.zaxxer.hikari.HikariDataSource.close - HikariPool-1 - Shutdown completed.
10-03-2020 17:29:20.738 [main] INFO  c.t.j.c.c.CricketfarmApplication.logStarting - Starting CricketfarmApplication on DESKTOP-LVRVGJL with PID 13896 (C:\Users\Venous\eclipse-workspace\cricketfarm\target\classes started by Venouš in C:\Users\Venous\eclipse-workspace\cricketfarm)
10-03-2020 17:29:20.741 [main] INFO  c.t.j.c.c.CricketfarmApplication.logStartupProfileInfo - No active profile set, falling back to default profiles: default
10-03-2020 17:29:21.286 [main] INFO  o.s.d.r.c.RepositoryConfigurationDelegate.registerRepositoriesIn - Bootstrapping Spring Data repositories in DEFAULT mode.
10-03-2020 17:29:21.355 [main] INFO  o.s.d.r.c.RepositoryConfigurationDelegate.registerRepositoriesIn - Finished Spring Data repository scanning in 63ms. Found 5 repository interfaces.
10-03-2020 17:29:21.549 [main] INFO  o.s.c.s.PostProcessorRegistrationDelegate$BeanPostProcessorChecker.postProcessAfterInitialization - Bean 'org.springframework.transaction.annotation.ProxyTransactionManagementConfiguration' of type [org.springframework.transaction.annotation.ProxyTransactionManagementConfiguration] is not eligible for getting processed by all BeanPostProcessors (for example: not eligible for auto-proxying)
10-03-2020 17:29:21.814 [main] INFO  o.s.b.w.e.tomcat.TomcatWebServer.initialize - Tomcat initialized with port(s): 8080 (http)
10-03-2020 17:29:21.819 [main] INFO  o.a.coyote.http11.Http11NioProtocol.log - Initializing ProtocolHandler ["http-nio-8080"]
10-03-2020 17:29:21.820 [main] INFO  o.a.catalina.core.StandardService.log - Starting service [Tomcat]
10-03-2020 17:29:21.820 [main] INFO  o.a.catalina.core.StandardEngine.log - Starting Servlet engine: [Apache Tomcat/9.0.27]
10-03-2020 17:29:21.886 [main] INFO  o.a.c.c.C.[Tomcat].[localhost].[/].log - Initializing Spring embedded WebApplicationContext
10-03-2020 17:29:21.886 [main] INFO  o.s.web.context.ContextLoader.prepareWebApplicationContext - Root WebApplicationContext: initialization completed in 1115 ms
10-03-2020 17:29:22.025 [main] INFO  o.h.jpa.internal.util.LogHelper.logPersistenceUnitInformation - HHH000204: Processing PersistenceUnitInfo [name: default]
10-03-2020 17:29:22.095 [main] INFO  org.hibernate.Version.logVersion - HHH000412: Hibernate Core {5.4.6.Final}
10-03-2020 17:29:22.176 [main] INFO  o.h.annotations.common.Version.<clinit> - HCANN000001: Hibernate Commons Annotations {5.1.0.Final}
10-03-2020 17:29:22.236 [main] INFO  com.zaxxer.hikari.HikariDataSource.getConnection - HikariPool-1 - Starting...
10-03-2020 17:29:22.288 [main] INFO  com.zaxxer.hikari.HikariDataSource.getConnection - HikariPool-1 - Start completed.
10-03-2020 17:29:22.299 [main] INFO  org.hibernate.dialect.Dialect.<init> - HHH000400: Using dialect: org.hibernate.dialect.PostgreSQL95Dialect
10-03-2020 17:29:22.473 [main] WARN  o.s.b.w.s.c.AnnotationConfigServletWebServerApplicationContext.refresh - Exception encountered during context initialization - cancelling refresh attempt: org.springframework.beans.factory.BeanCreationException: Error creating bean with name 'entityManagerFactory' defined in class path resource [org/springframework/boot/autoconfigure/orm/jpa/HibernateJpaConfiguration.class]: Invocation of init method failed; nested exception is org.hibernate.AnnotationException: mappedBy reference an unknown target entity property: com.taska.java.crickets.cricketfarm.model.BoughtItem.purchaseId in com.taska.java.crickets.cricketfarm.model.Purchase.boughtItems
10-03-2020 17:29:22.474 [main] INFO  com.zaxxer.hikari.HikariDataSource.close - HikariPool-1 - Shutdown initiated...
10-03-2020 17:29:22.475 [main] INFO  com.zaxxer.hikari.HikariDataSource.close - HikariPool-1 - Shutdown completed.
10-03-2020 17:29:22.478 [main] INFO  o.a.catalina.core.StandardService.log - Stopping service [Tomcat]
10-03-2020 17:29:22.487 [main] INFO  o.s.b.a.l.ConditionEvaluationReportLoggingListener.logMessage - 

Error starting ApplicationContext. To display the conditions report re-run your application with 'debug' enabled.
10-03-2020 17:29:22.497 [main] ERROR o.s.boot.SpringApplication.reportFailure - Application run failed
org.springframework.beans.factory.BeanCreationException: Error creating bean with name 'entityManagerFactory' defined in class path resource [org/springframework/boot/autoconfigure/orm/jpa/HibernateJpaConfiguration.class]: Invocation of init method failed; nested exception is org.hibernate.AnnotationException: mappedBy reference an unknown target entity property: com.taska.java.crickets.cricketfarm.model.BoughtItem.purchaseId in com.taska.java.crickets.cricketfarm.model.Purchase.boughtItems
	at org.springframework.beans.factory.support.AbstractAutowireCapableBeanFactory.initializeBean(AbstractAutowireCapableBeanFactory.java:1803)
	at org.springframework.beans.factory.support.AbstractAutowireCapableBeanFactory.doCreateBean(AbstractAutowireCapableBeanFactory.java:595)
	at org.springframework.beans.factory.support.AbstractAutowireCapableBeanFactory.createBean(AbstractAutowireCapableBeanFactory.java:517)
	at org.springframework.beans.factory.support.AbstractBeanFactory.lambda$doGetBean$0(AbstractBeanFactory.java:323)
	at org.springframework.beans.factory.support.DefaultSingletonBeanRegistry.getSingleton(DefaultSingletonBeanRegistry.java:222)
	at org.springframework.beans.factory.support.AbstractBeanFactory.doGetBean(AbstractBeanFactory.java:321)
	at org.springframework.beans.factory.support.AbstractBeanFactory.getBean(AbstractBeanFactory.java:202)
	at org.springframework.context.support.AbstractApplicationContext.getBean(AbstractApplicationContext.java:1108)
	at org.springframework.context.support.AbstractApplicationContext.finishBeanFactoryInitialization(AbstractApplicationContext.java:868)
	at org.springframework.context.support.AbstractApplicationContext.refresh(AbstractApplicationContext.java:550)
	at org.springframework.boot.web.servlet.context.ServletWebServerApplicationContext.refresh(ServletWebServerApplicationContext.java:141)
	at org.springframework.boot.SpringApplication.refresh(SpringApplication.java:747)
	at org.springframework.boot.SpringApplication.refreshContext(SpringApplication.java:397)
	at org.springframework.boot.SpringApplication.run(SpringApplication.java:315)
	at org.springframework.boot.SpringApplication.run(SpringApplication.java:1226)
	at org.springframework.boot.SpringApplication.run(SpringApplication.java:1215)
	at com.taska.java.crickets.cricketfarm.CricketfarmApplication.main(CricketfarmApplication.java:10)
Caused by: org.hibernate.AnnotationException: mappedBy reference an unknown target entity property: com.taska.java.crickets.cricketfarm.model.BoughtItem.purchaseId in com.taska.java.crickets.cricketfarm.model.Purchase.boughtItems
	at org.hibernate.cfg.annotations.CollectionBinder.bindStarToManySecondPass(CollectionBinder.java:844)
	at org.hibernate.cfg.annotations.CollectionBinder$1.secondPass(CollectionBinder.java:795)
	at org.hibernate.cfg.CollectionSecondPass.doSecondPass(CollectionSecondPass.java:53)
	at org.hibernate.boot.internal.InFlightMetadataCollectorImpl.processSecondPasses(InFlightMetadataCollectorImpl.java:1684)
	at org.hibernate.boot.internal.InFlightMetadataCollectorImpl.processSecondPasses(InFlightMetadataCollectorImpl.java:1652)
	at org.hibernate.boot.model.process.spi.MetadataBuildingProcess.complete(MetadataBuildingProcess.java:286)
	at org.hibernate.jpa.boot.internal.EntityManagerFactoryBuilderImpl.metadata(EntityManagerFactoryBuilderImpl.java:900)
	at org.hibernate.jpa.boot.internal.EntityManagerFactoryBuilderImpl.build(EntityManagerFactoryBuilderImpl.java:931)
	at org.springframework.orm.jpa.vendor.SpringHibernateJpaPersistenceProvider.createContainerEntityManagerFactory(SpringHibernateJpaPersistenceProvider.java:58)
	at org.springframework.orm.jpa.LocalContainerEntityManagerFactoryBean.createNativeEntityManagerFactory(LocalContainerEntityManagerFactoryBean.java:365)
	at org.springframework.orm.jpa.AbstractEntityManagerFactoryBean.buildNativeEntityManagerFactory(AbstractEntityManagerFactoryBean.java:391)
	at org.springframework.orm.jpa.AbstractEntityManagerFactoryBean.afterPropertiesSet(AbstractEntityManagerFactoryBean.java:378)
	at org.springframework.orm.jpa.LocalContainerEntityManagerFactoryBean.afterPropertiesSet(LocalContainerEntityManagerFactoryBean.java:341)
	at org.springframework.beans.factory.support.AbstractAutowireCapableBeanFactory.invokeInitMethods(AbstractAutowireCapableBeanFactory.java:1862)
	at org.springframework.beans.factory.support.AbstractAutowireCapableBeanFactory.initializeBean(AbstractAutowireCapableBeanFactory.java:1799)
	... 16 common frames omitted
10-03-2020 17:30:37.625 [main] INFO  c.t.j.c.c.CricketfarmApplication.logStarting - Starting CricketfarmApplication on DESKTOP-LVRVGJL with PID 12440 (C:\Users\Venous\eclipse-workspace\cricketfarm\target\classes started by Venouš in C:\Users\Venous\eclipse-workspace\cricketfarm)
10-03-2020 17:30:37.628 [main] INFO  c.t.j.c.c.CricketfarmApplication.logStartupProfileInfo - No active profile set, falling back to default profiles: default
10-03-2020 17:30:38.075 [main] INFO  o.s.d.r.c.RepositoryConfigurationDelegate.registerRepositoriesIn - Bootstrapping Spring Data repositories in DEFAULT mode.
10-03-2020 17:30:38.139 [main] INFO  o.s.d.r.c.RepositoryConfigurationDelegate.registerRepositoriesIn - Finished Spring Data repository scanning in 59ms. Found 5 repository interfaces.
10-03-2020 17:30:38.325 [main] INFO  o.s.c.s.PostProcessorRegistrationDelegate$BeanPostProcessorChecker.postProcessAfterInitialization - Bean 'org.springframework.transaction.annotation.ProxyTransactionManagementConfiguration' of type [org.springframework.transaction.annotation.ProxyTransactionManagementConfiguration] is not eligible for getting processed by all BeanPostProcessors (for example: not eligible for auto-proxying)
10-03-2020 17:30:38.590 [main] INFO  o.s.b.w.e.tomcat.TomcatWebServer.initialize - Tomcat initialized with port(s): 8080 (http)
10-03-2020 17:30:38.596 [main] INFO  o.a.coyote.http11.Http11NioProtocol.log - Initializing ProtocolHandler ["http-nio-8080"]
10-03-2020 17:30:38.597 [main] INFO  o.a.catalina.core.StandardService.log - Starting service [Tomcat]
10-03-2020 17:30:38.597 [main] INFO  o.a.catalina.core.StandardEngine.log - Starting Servlet engine: [Apache Tomcat/9.0.27]
10-03-2020 17:30:38.665 [main] INFO  o.a.c.c.C.[Tomcat].[localhost].[/].log - Initializing Spring embedded WebApplicationContext
10-03-2020 17:30:38.665 [main] INFO  o.s.web.context.ContextLoader.prepareWebApplicationContext - Root WebApplicationContext: initialization completed in 1005 ms
10-03-2020 17:30:38.803 [main] INFO  o.h.jpa.internal.util.LogHelper.logPersistenceUnitInformation - HHH000204: Processing PersistenceUnitInfo [name: default]
10-03-2020 17:30:38.871 [main] INFO  org.hibernate.Version.logVersion - HHH000412: Hibernate Core {5.4.6.Final}
10-03-2020 17:30:38.952 [main] INFO  o.h.annotations.common.Version.<clinit> - HCANN000001: Hibernate Commons Annotations {5.1.0.Final}
10-03-2020 17:30:39.010 [main] INFO  com.zaxxer.hikari.HikariDataSource.getConnection - HikariPool-1 - Starting...
10-03-2020 17:30:39.059 [main] INFO  com.zaxxer.hikari.HikariDataSource.getConnection - HikariPool-1 - Start completed.
10-03-2020 17:30:39.070 [main] INFO  org.hibernate.dialect.Dialect.<init> - HHH000400: Using dialect: org.hibernate.dialect.PostgreSQL95Dialect
10-03-2020 17:30:39.743 [main] INFO  o.h.e.t.j.p.i.JtaPlatformInitiator.initiateService - HHH000490: Using JtaPlatform implementation: [org.hibernate.engine.transaction.jta.platform.internal.NoJtaPlatform]
10-03-2020 17:30:39.749 [main] INFO  o.s.o.j.LocalContainerEntityManagerFactoryBean.buildNativeEntityManagerFactory - Initialized JPA EntityManagerFactory for persistence unit 'default'
10-03-2020 17:30:40.272 [main] WARN  o.s.b.a.o.j.JpaBaseConfiguration$JpaWebConfiguration.openEntityManagerInViewInterceptor - spring.jpa.open-in-view is enabled by default. Therefore, database queries may be performed during view rendering. Explicitly configure spring.jpa.open-in-view to disable this warning
10-03-2020 17:30:40.409 [main] INFO  o.s.s.c.ThreadPoolTaskExecutor.initialize - Initializing ExecutorService 'applicationTaskExecutor'
10-03-2020 17:30:40.623 [main] INFO  o.a.coyote.http11.Http11NioProtocol.log - Starting ProtocolHandler ["http-nio-8080"]
10-03-2020 17:30:40.636 [main] INFO  o.s.b.w.e.tomcat.TomcatWebServer.start - Tomcat started on port(s): 8080 (http) with context path ''
10-03-2020 17:30:40.638 [main] INFO  c.t.j.c.c.CricketfarmApplication.logStarted - Started CricketfarmApplication in 3.295 seconds (JVM running for 3.748)
10-03-2020 17:31:47.018 [RMI TCP Connection(3)-127.0.0.1] INFO  o.s.b.a.SpringApplicationAdminMXBeanRegistrar$SpringApplicationAdmin.shutdown - Application shutdown requested.
10-03-2020 17:31:47.020 [RMI TCP Connection(3)-127.0.0.1] INFO  o.s.s.c.ThreadPoolTaskExecutor.shutdown - Shutting down ExecutorService 'applicationTaskExecutor'
10-03-2020 17:31:47.021 [RMI TCP Connection(3)-127.0.0.1] INFO  o.s.o.j.LocalContainerEntityManagerFactoryBean.destroy - Closing JPA EntityManagerFactory for persistence unit 'default'
10-03-2020 17:31:47.024 [RMI TCP Connection(3)-127.0.0.1] INFO  com.zaxxer.hikari.HikariDataSource.close - HikariPool-1 - Shutdown initiated...
10-03-2020 17:31:47.025 [RMI TCP Connection(3)-127.0.0.1] INFO  com.zaxxer.hikari.HikariDataSource.close - HikariPool-1 - Shutdown completed.
